<?xml version="1.0" encoding="UTF-8"?>
<!-- Generated by org.testng.reporters.JUnitXMLReporter -->
<testsuite hostname="vikash-HP" ignored="0" name="Sprint1" tests="3" failures="1" timestamp="23 Jan 2018 14:36:12 GMT" time="0.058" errors="0">
  <testcase name="TestFB" time="0.012" classname="runfailed.TestCase1"/>
  <testcase name="TestFlipkart" time="0.002" classname="runfailed.TestCase2"/>
  <testcase name="TestAmazon" time="0.011" classname="runfailed.TestCase3">
    <failure type="java.lang.AssertionError" message="expected [true] but found [false]">
      <![CDATA[java.lang.AssertionError: expected [true] but found [false]at runfailed.TestCase3.TestAmazon(TestCase3.java:11)... Removed 29 stack frames]]>
    </failure>
  </testcase> <!-- TestAmazon -->
</testsuite> <!-- Sprint1 -->
