<?xml version="1.0" encoding="UTF-8"?>
<!-- Generated by org.testng.reporters.JUnitXMLReporter -->
<testsuite hostname="vikash-HP" ignored="0" name="Sprint1(failed)" tests="1" failures="1" timestamp="23 Jan 2018 14:52:19 GMT" time="0.048" errors="0">
  <testcase name="TestAmazon" time="0.018" classname="runfailed.TestCase3">
    <failure type="java.lang.AssertionError" message="expected [true] but found [false]">
      <![CDATA[java.lang.AssertionError: expected [true] but found [false]at runfailed.TestCase3.TestAmazon(TestCase3.java:11)at runner.FailedtestCaseRunner.main(FailedtestCaseRunner.java:19)... Removed 26 stack frames]]>
    </failure>
  </testcase> <!-- TestAmazon -->
</testsuite> <!-- Sprint1(failed) -->
